d:\pandosequencer\builds\visualstudio2019\x64\debug\shared code\pluginprocessor.obj
d:\pandosequencer\builds\visualstudio2019\x64\debug\shared code\include_juce_audio_processors.obj
d:\pandosequencer\builds\visualstudio2019\x64\debug\shared code\include_juce_graphics.obj
d:\pandosequencer\builds\visualstudio2019\x64\debug\shared code\include_juce_audio_devices.obj
d:\pandosequencer\builds\visualstudio2019\x64\debug\shared code\include_juce_audio_utils.obj
d:\pandosequencer\builds\visualstudio2019\x64\debug\shared code\include_juce_events.obj
d:\pandosequencer\builds\visualstudio2019\x64\debug\shared code\include_juce_opengl.obj
d:\pandosequencer\builds\visualstudio2019\x64\debug\shared code\include_juce_audio_basics.obj
d:\pandosequencer\builds\visualstudio2019\x64\debug\shared code\include_juce_audio_formats.obj
d:\pandosequencer\builds\visualstudio2019\x64\debug\shared code\include_juce_core.obj
d:\pandosequencer\builds\visualstudio2019\x64\debug\shared code\include_juce_gui_extra.obj
d:\pandosequencer\builds\visualstudio2019\x64\debug\shared code\plugineditor.obj
d:\pandosequencer\builds\visualstudio2019\x64\debug\shared code\include_juce_audio_plugin_client_utils.obj
d:\pandosequencer\builds\visualstudio2019\x64\debug\shared code\include_juce_cryptography.obj
d:\pandosequencer\builds\visualstudio2019\x64\debug\shared code\include_juce_data_structures.obj
d:\pandosequencer\builds\visualstudio2019\x64\debug\shared code\include_juce_gui_basics.obj
d:\pandosequencer\builds\visualstudio2019\x64\debug\shared code\pando_sharedcode.pdb
d:\pandosequencer\builds\visualstudio2019\x64\debug\shared code\orchard.lib
d:\pandosequencer\builds\visualstudio2019\x64\debug\shared code\pando_sharedcode.tlog\cl.command.1.tlog
d:\pandosequencer\builds\visualstudio2019\x64\debug\shared code\pando_sharedcode.tlog\cl.read.1.tlog
d:\pandosequencer\builds\visualstudio2019\x64\debug\shared code\pando_sharedcode.tlog\cl.write.1.tlog
d:\pandosequencer\builds\visualstudio2019\x64\debug\shared code\pando_sharedcode.tlog\lib-link.read.1.tlog
d:\pandosequencer\builds\visualstudio2019\x64\debug\shared code\pando_sharedcode.tlog\lib-link.write.1.tlog
d:\pandosequencer\builds\visualstudio2019\x64\debug\shared code\pando_sharedcode.tlog\lib.command.1.tlog
